2026-33-26 16:33:43 - INFO - DEMARAGE DE L'APPLICATION
2026-45-26 16:45:26 - INFO - DEMARAGE DE L'APPLICATION
2026-45-26 16:45:39 - INFO - Connexion réussie pour l'utilisateur : bamba (Rôle : admin)
2026-35-30 09:35:41 - INFO - DEMARAGE DE L'APPLICATION
2026-36-30 09:36:02 - INFO - Connexion réussie pour l'utilisateur : bamba (Rôle : admin)
2026-41-30 09:41:36 - INFO - DEMARAGE DE L'APPLICATION
2026-41-30 09:41:51 - INFO - Connexion réussie pour l'utilisateur : bamba (Rôle : admin)
2026-46-30 09:46:46 - INFO - DEMARAGE DE L'APPLICATION
2026-47-30 09:47:22 - INFO - Connexion réussie pour l'utilisateur : bamba (Rôle : admin)
2026-58-30 09:58:14 - INFO - DEMARAGE DE L'APPLICATION
2026-58-30 09:58:22 - INFO - Connexion réussie pour l'utilisateur : bamba (Rôle : admin)
2026-11-30 10:11:20 - INFO - DEMARAGE DE L'APPLICATION
2026-11-30 10:11:29 - INFO - Connexion réussie pour l'utilisateur : bamba (Rôle : admin)
2026-26-30 10:26:01 - INFO - DEMARAGE DE L'APPLICATION
2026-26-30 10:26:09 - INFO - Connexion réussie pour l'utilisateur : bamba (Rôle : admin)
2026-58-30 10:58:44 - INFO - DEMARAGE DE L'APPLICATION
2026-58-30 10:58:54 - INFO - Connexion réussie pour l'utilisateur : bamba (Rôle : admin)
2026-01-30 11:01:37 - INFO - DEMARAGE DE L'APPLICATION
2026-01-30 11:01:49 - INFO - Connexion réussie pour l'utilisateur : bamba (Rôle : admin)
2026-03-30 11:03:02 - INFO - DEMARAGE DE L'APPLICATION
2026-03-30 11:03:22 - INFO - Connexion réussie pour l'utilisateur : zebi (Rôle : professeur)
2026-14-30 11:14:38 - INFO - DEMARAGE DE L'APPLICATION
2026-14-30 11:14:49 - INFO - Connexion réussie pour l'utilisateur : zebi (Rôle : professeur)
2026-23-30 11:23:25 - INFO - DEMARAGE DE L'APPLICATION
2026-23-30 11:23:39 - INFO - Connexion réussie pour l'utilisateur : zebi (Rôle : professeur)
2026-25-30 11:25:01 - INFO - DEMARAGE DE L'APPLICATION
2026-25-30 11:25:10 - INFO - Connexion réussie pour l'utilisateur : zebi (Rôle : professeur)
2026-28-30 11:28:54 - INFO - DEMARAGE DE L'APPLICATION
2026-29-30 11:29:01 - INFO - Connexion réussie pour l'utilisateur : zebi (Rôle : professeur)
2026-34-30 11:34:43 - INFO - DEMARAGE DE L'APPLICATION
2026-34-30 11:34:52 - INFO - Connexion réussie pour l'utilisateur : zebi (Rôle : professeur)
2026-35-30 11:35:48 - INFO - DEMARAGE DE L'APPLICATION
2026-35-30 11:35:58 - INFO - Connexion réussie pour l'utilisateur : zebi (Rôle : professeur)
2026-36-30 11:36:26 - INFO - DEMARAGE DE L'APPLICATION
2026-36-30 11:36:34 - INFO - Connexion réussie pour l'utilisateur : zebi (Rôle : professeur)
2026-45-30 11:45:08 - INFO - DEMARAGE DE L'APPLICATION
2026-45-30 11:45:16 - INFO - Connexion réussie pour l'utilisateur : zebi (Rôle : professeur)
2026-47-30 11:47:26 - INFO - DEMARAGE DE L'APPLICATION
2026-47-30 11:47:34 - INFO - Connexion réussie pour l'utilisateur : zebi (Rôle : professeur)
2026-49-30 11:49:54 - INFO - DEMARAGE DE L'APPLICATION
2026-50-30 11:50:03 - INFO - Connexion réussie pour l'utilisateur : zebi (Rôle : professeur)
2026-52-30 11:52:55 - INFO - DEMARAGE DE L'APPLICATION
2026-53-30 11:53:03 - INFO - Connexion réussie pour l'utilisateur : zebi (Rôle : professeur)
2026-54-30 11:54:32 - INFO - DEMARAGE DE L'APPLICATION
2026-54-30 11:54:40 - INFO - Connexion réussie pour l'utilisateur : zebi (Rôle : professeur)
2026-55-30 11:55:39 - INFO - DEMARAGE DE L'APPLICATION
2026-55-30 11:55:47 - INFO - Connexion réussie pour l'utilisateur : zebi (Rôle : professeur)
2026-57-30 11:57:14 - INFO - DEMARAGE DE L'APPLICATION
2026-57-30 11:57:22 - INFO - Connexion réussie pour l'utilisateur : zebi (Rôle : professeur)
2026-02-30 12:02:35 - INFO - DEMARAGE DE L'APPLICATION
2026-02-30 12:02:53 - INFO - Connexion réussie pour l'utilisateur : zebi (Rôle : professeur)
2026-08-30 12:08:01 - INFO - DEMARAGE DE L'APPLICATION
2026-08-30 12:08:09 - INFO - Connexion réussie pour l'utilisateur : zebi (Rôle : professeur)
2026-13-30 12:13:53 - INFO - DEMARAGE DE L'APPLICATION
2026-14-30 12:14:01 - INFO - Connexion réussie pour l'utilisateur : zebi (Rôle : professeur)
2026-17-30 12:17:54 - INFO - Suppression complète des notes effectuée pour l'étudiant ID 8.
2026-21-30 12:21:37 - INFO - DEMARAGE DE L'APPLICATION
2026-21-30 12:21:44 - INFO - Connexion réussie pour l'utilisateur : zebi (Rôle : professeur)
2026-21-30 12:21:52 - INFO - Suppression complète des notes effectuée pour l'étudiant ID 1.
2026-26-30 12:26:24 - INFO - DEMARAGE DE L'APPLICATION
2026-26-30 12:26:31 - INFO - Connexion réussie pour l'utilisateur : zebi (Rôle : professeur)
2026-26-30 12:26:38 - INFO - Suppression complète des notes effectuée pour l'étudiant ID 1.
2026-29-30 12:29:57 - INFO - Suppression complète des notes effectuée pour l'étudiant ID 2.
2026-33-30 12:33:28 - INFO - DEMARAGE DE L'APPLICATION
2026-34-30 12:34:02 - WARNING - Tentative de connexion échouée pour le nom d'utilisateur : 'sibibé'
2026-34-30 12:34:44 - INFO - Connexion réussie pour l'utilisateur : sidibé (Rôle : étudiant)
2026-34-30 12:34:44 - INFO - Session ouverte pour l'étudiant ID : 17
2026-34-30 12:34:51 - INFO - L'étudiant ID 17 a consulté ses notes.
2026-35-30 12:35:42 - INFO - DEMARAGE DE L'APPLICATION
2026-35-30 12:35:54 - INFO - Connexion réussie pour l'utilisateur : sidibé (Rôle : étudiant)
2026-35-30 12:35:54 - INFO - Session ouverte pour l'étudiant ID : 17
2026-35-30 12:35:56 - INFO - L'étudiant ID 17 a consulté ses notes.
2026-56-30 12:56:34 - INFO - DEMARAGE DE L'APPLICATION
2026-58-30 12:58:19 - INFO - Connexion réussie pour l'utilisateur : sidibé (Rôle : étudiant)
2026-58-30 12:58:19 - INFO - Session ouverte pour l'étudiant ID : 17
2026-58-30 12:58:22 - INFO - L'étudiant ID 17 a consulté ses notes.
2026-05-30 13:05:18 - INFO - DEMARAGE DE L'APPLICATION
2026-05-30 13:05:29 - INFO - Connexion réussie pour l'utilisateur : sidibé (Rôle : étudiant)
2026-05-30 13:05:29 - INFO - Session ouverte pour l'étudiant ID : 17
2026-07-30 14:07:29 - INFO - DEMARAGE DE L'APPLICATION
2026-08-30 14:08:27 - INFO - Connexion réussie pour l'utilisateur : zebi (Rôle : professeur)
2026-09-30 14:09:18 - INFO - DEMARAGE DE L'APPLICATION
2026-09-30 14:09:37 - INFO - Connexion réussie pour l'utilisateur : sidibé (Rôle : étudiant)
2026-09-30 14:09:37 - INFO - Session ouverte pour l'étudiant ID : 17
2026-36-30 14:36:05 - INFO - DEMARAGE DE L'APPLICATION
2026-37-30 14:37:00 - INFO - DEMARAGE DE L'APPLICATION
2026-43-30 14:43:24 - INFO - DEMARAGE DE L'APPLICATION
2026-44-30 14:44:23 - INFO - DEMARAGE DE L'APPLICATION
2026-46-30 14:46:22 - INFO - DEMARAGE DE L'APPLICATION
2026-47-30 14:47:00 - INFO - DEMARAGE DE L'APPLICATION
2026-51-30 14:51:24 - INFO - DEMARAGE DE L'APPLICATION
2026-51-30 14:51:51 - INFO - DEMARAGE DE L'APPLICATION
2026-52-30 14:52:17 - INFO - DEMARAGE DE L'APPLICATION
2026-53-30 14:53:24 - INFO - DEMARAGE DE L'APPLICATION
2026-00-30 15:00:18 - INFO - DEMARAGE DE L'APPLICATION
2026-01-30 15:01:38 - INFO - DEMARAGE DE L'APPLICATION
2026-09-30 15:09:18 - INFO - DEMARAGE DE L'APPLICATION
2026-15-30 15:15:56 - INFO - DEMARAGE DE L'APPLICATION
2026-16-30 15:16:02 - WARNING - Tentative de connexion échouée pour le nom d'utilisateur : 'bamba'
2026-16-30 15:16:15 - WARNING - Option invalide saisie dans le menu de connexion : 'bamba'
2026-16-30 15:16:29 - INFO - Connexion réussie pour l'utilisateur : bamba (Rôle : 1111)
2026-18-30 15:18:38 - INFO - DEMARAGE DE L'APPLICATION
2026-18-30 15:18:47 - WARNING - Tentative de connexion échouée pour le nom d'utilisateur : 'bamba*'
2026-18-30 15:18:54 - INFO - Connexion réussie pour l'utilisateur : bamba (Rôle : 1111)
2026-21-30 15:21:11 - INFO - DEMARAGE DE L'APPLICATION
2026-21-30 15:21:17 - INFO - Connexion réussie pour l'utilisateur : bamba (Rôle : 1111)
2026-21-30 15:21:44 - INFO - DEMARAGE DE L'APPLICATION
2026-21-30 15:21:56 - WARNING - Tentative de connexion échouée pour le nom d'utilisateur : '1'
2026-21-30 15:21:57 - WARNING - Option invalide saisie dans le menu de connexion : ''
2026-22-30 15:22:12 - INFO - Connexion réussie pour l'utilisateur : bamba (Rôle : 1111)
2026-26-30 15:26:25 - INFO - DEMARAGE DE L'APPLICATION
2026-26-30 15:26:31 - INFO - Connexion réussie pour l'utilisateur : bamba (Rôle : 1111)
2026-36-30 15:36:41 - INFO - DEMARAGE DE L'APPLICATION
2026-36-30 15:36:46 - INFO - Connexion réussie pour l'utilisateur : bamba (Rôle : 1111)
2026-42-30 15:42:24 - INFO - DEMARAGE DE L'APPLICATION
2026-42-30 15:42:35 - INFO - Connexion réussie pour l'utilisateur : bamba (Rôle : 1111)
2026-48-30 15:48:05 - INFO - DEMARAGE DE L'APPLICATION
2026-48-30 15:48:20 - INFO - Connexion réussie pour l'utilisateur : bamba (Rôle : 1111)
